<?xml version="1.0" encoding="UTF-8"?>
<!-- Generated by org.testng.reporters.JUnitReportReporter -->
<testsuite hostname="DESKTOP-8307O0L" failures="0" tests="2" name="ParentGorup.ExtendReport.ExtendReportDemo" time="10.929" errors="0" timestamp="2023-03-07T15:03:09 GMT" skipped="0">
  <testcase classname="ParentGorup.ExtendReport.ExtendReportDemo" name="initialDemo" time="6.606"/>
  <system-out/>
  <testcase classname="ParentGorup.ExtendReport.ExtendReportDemo" name="initialDemo1" time="4.323"/>
  <system-out/>
</testsuite> <!-- ParentGorup.ExtendReport.ExtendReportDemo -->
